<?xml version="1.0" encoding="UTF-8"?>
<!-- Generated by org.testng.reporters.JUnitReportReporter -->
<testsuite hostname="pankaj-pc" name="test.TestNG" tests="1" failures="0" timestamp="26 Sep 2019 04:23:32 GMT" time="18.325" errors="0">
  <testcase name="TC_Login" time="18.325" classname="test.TestNG"/>
</testsuite> <!-- test.TestNG -->
