<?xml version="1.0" encoding="UTF-8"?>
<!-- Generated by org.testng.reporters.JUnitReportReporter -->
<testsuite hostname="pankaj-pc" name="test.GroupsTest" tests="2" failures="0" timestamp="26 Sep 2019 04:31:14 GMT" time="0.012" errors="0">
  <testcase name="Scooter2" time="0.000" classname="test.GroupsTest"/>
  <testcase name="Scooter1" time="0.012" classname="test.GroupsTest"/>
</testsuite> <!-- test.GroupsTest -->
